c:\users\usuario\documents\visual studio 2015\projects\tickettoride\tickettoride\tickettoride\x64\debug\vc140.pdb
c:\users\usuario\documents\visual studio 2015\projects\tickettoride\tickettoride\tickettoride\x64\debug\result.obj
c:\users\usuario\documents\visual studio 2015\projects\tickettoride\tickettoride\tickettoride\x64\debug\frmjuego.obj
c:\users\usuario\documents\visual studio 2015\projects\tickettoride\tickettoride\tickettoride\x64\debug\archivemanager.obj
c:\users\usuario\documents\visual studio 2015\projects\tickettoride\tickettoride\tickettoride\x64\debug\.netframework,version=v4.5.2.assemblyattributes.obj
c:\users\usuario\documents\visual studio 2015\projects\tickettoride\tickettoride\tickettoride\x64\debug\.netframework,version=v4.5.2.assemblyattributes.asm
c:\users\usuario\documents\visual studio 2015\projects\tickettoride\tickettoride\tickettoride\x64\debug\structs.obj
c:\users\usuario\documents\visual studio 2015\projects\tickettoride\tickettoride\tickettoride\x64\debug\juegoc.obj
c:\users\usuario\documents\visual studio 2015\projects\tickettoride\tickettoride\tickettoride\x64\debug\riel.obj
c:\users\usuario\documents\visual studio 2015\projects\tickettoride\tickettoride\tickettoride\x64\debug\carta.obj
c:\users\usuario\documents\visual studio 2015\projects\tickettoride\tickettoride\x64\debug\tickettoride.exe
c:\users\usuario\documents\visual studio 2015\projects\tickettoride\tickettoride\x64\debug\tickettoride.pdb
c:\users\usuario\documents\visual studio 2015\projects\tickettoride\tickettoride\tickettoride\x64\debug\tickettoride.frmjuego.resources
c:\users\usuario\documents\visual studio 2015\projects\tickettoride\tickettoride\tickettoride\x64\debug\tickettoride.result.resources
c:\users\usuario\documents\visual studio 2015\projects\tickettoride\tickettoride\tickettoride\x64\debug\tickettoride.vcxproj.generateresource.cache
c:\users\usuario\documents\visual studio 2015\projects\tickettoride\tickettoride\tickettoride\x64\debug\tickettoride.vcxprojresolveassemblyreference.cache
c:\users\usuario\documents\visual studio 2015\projects\tickettoride\tickettoride\tickettoride\x64\debug\tickettoride.tlog\cl.command.1.tlog
c:\users\usuario\documents\visual studio 2015\projects\tickettoride\tickettoride\tickettoride\x64\debug\tickettoride.tlog\cl.read.1.tlog
c:\users\usuario\documents\visual studio 2015\projects\tickettoride\tickettoride\tickettoride\x64\debug\tickettoride.tlog\cl.write.1.tlog
c:\users\usuario\documents\visual studio 2015\projects\tickettoride\tickettoride\tickettoride\x64\debug\tickettoride.tlog\link.command.1.tlog
c:\users\usuario\documents\visual studio 2015\projects\tickettoride\tickettoride\tickettoride\x64\debug\tickettoride.tlog\link.read.1.tlog
c:\users\usuario\documents\visual studio 2015\projects\tickettoride\tickettoride\tickettoride\x64\debug\tickettoride.tlog\link.write.1.tlog
c:\users\usuario\documents\visual studio 2015\projects\tickettoride\tickettoride\tickettoride\x64\debug\tickettoride.tlog\metagen.read.1.tlog
c:\users\usuario\documents\visual studio 2015\projects\tickettoride\tickettoride\tickettoride\x64\debug\tickettoride.tlog\metagen.write.1.tlog
c:\users\usuario\documents\visual studio 2015\projects\tickettoride\tickettoride\tickettoride\x64\debug\tickettoride.tlog\tickettoride.write.1u.tlog
c:\users\usuario\documents\visual studio 2015\projects\tickettoride\tickettoride\tickettoride\x64\debug\tickettoride.tlog\tzres.dll.bi
